<?xml version="1.0" encoding="UTF-8"?>
<testng-results ignored="0" total="2" passed="2" failed="0" skipped="0">
  <reporter-output>
  </reporter-output>
  <suite started-at="2023-06-08T14:25:06 IST" name="ECommerce" finished-at="2023-06-08T14:26:03 IST" duration-ms="56717">
    <groups>
      <group name="regression">
        <method signature="Login.customerLogin()[pri:0, instance:com.test.Login@5386659f]" name="customerLogin" class="com.test.Login"/>
        <method signature="ProductSearch.addToCart()[pri:1, instance:com.test.ProductSearch@6e9a5ed8]" name="addToCart" class="com.test.ProductSearch"/>
      </group> <!-- regression -->
      <group name="smoke">
        <method signature="Login.customerLogin()[pri:0, instance:com.test.Login@5386659f]" name="customerLogin" class="com.test.Login"/>
      </group> <!-- smoke -->
    </groups>
    <test started-at="2023-06-08T14:25:06 IST" name="Test" finished-at="2023-06-08T14:26:03 IST" duration-ms="56717">
      <class name="com.test.ProductSearch">
        <test-method is-config="true" signature="setup(org.testng.ITestContext)[pri:0, instance:com.test.ProductSearch@6e9a5ed8]" started-at="2023-06-08T14:26:01 IST" name="setup" finished-at="2023-06-08T14:26:01 IST" duration-ms="104" status="PASS">
          <params>
            <param index="0">
              <value>
                <![CDATA[org.testng.TestRunner@59c43561]]>
              </value>
            </param>
          </params>
          <reporter-output>
          </reporter-output>
        </test-method> <!-- setup -->
        <test-method signature="addToCart()[pri:1, instance:com.test.ProductSearch@6e9a5ed8]" started-at="2023-06-08T14:26:01 IST" name="addToCart" finished-at="2023-06-08T14:26:03 IST" duration-ms="1928" status="PASS">
          <reporter-output>
          </reporter-output>
        </test-method> <!-- addToCart -->
      </class> <!-- com.test.ProductSearch -->
      <class name="com.test.Login">
        <test-method is-config="true" signature="setup(org.testng.ITestContext)[pri:0, instance:com.test.Login@5386659f]" started-at="2023-06-08T14:25:06 IST" name="setup" finished-at="2023-06-08T14:25:58 IST" duration-ms="52366" status="PASS">
          <params>
            <param index="0">
              <value>
                <![CDATA[org.testng.TestRunner@59c43561]]>
              </value>
            </param>
          </params>
          <reporter-output>
          </reporter-output>
        </test-method> <!-- setup -->
        <test-method signature="customerLogin()[pri:0, instance:com.test.Login@5386659f]" started-at="2023-06-08T14:25:59 IST" name="customerLogin" finished-at="2023-06-08T14:26:01 IST" duration-ms="2028" status="PASS">
          <reporter-output>
          </reporter-output>
        </test-method> <!-- customerLogin -->
        <test-method is-config="true" signature="afterTest()[pri:0, instance:com.test.Login@5386659f]" started-at="2023-06-08T14:26:03 IST" name="afterTest" finished-at="2023-06-08T14:26:03 IST" duration-ms="1" status="PASS">
          <reporter-output>
          </reporter-output>
        </test-method> <!-- afterTest -->
      </class> <!-- com.test.Login -->
    </test> <!-- Test -->
  </suite> <!-- ECommerce -->
</testng-results>
